Traceback (most recent call last):
  File "/Users/jake/Library/Python/3.9/lib/python/site-packages/jupyter_cache/executors/utils.py", line 58, in single_nb_execution
    executenb(
  File "/Users/jake/Library/Python/3.9/lib/python/site-packages/nbclient/client.py", line 1204, in execute
    return NotebookClient(nb=nb, resources=resources, km=km, **kwargs).execute()
  File "/Users/jake/Library/Python/3.9/lib/python/site-packages/nbclient/util.py", line 84, in wrapped
    return just_run(coro(*args, **kwargs))
  File "/Users/jake/Library/Python/3.9/lib/python/site-packages/nbclient/util.py", line 62, in just_run
    return loop.run_until_complete(coro)
  File "/Library/Developer/CommandLineTools/Library/Frameworks/Python3.framework/Versions/3.9/lib/python3.9/asyncio/base_events.py", line 642, in run_until_complete
    return future.result()
  File "/Users/jake/Library/Python/3.9/lib/python/site-packages/nbclient/client.py", line 663, in async_execute
    await self.async_execute_cell(
  File "/Users/jake/Library/Python/3.9/lib/python/site-packages/nbclient/client.py", line 965, in async_execute_cell
    await self._check_raise_for_error(cell, cell_index, exec_reply)
  File "/Users/jake/Library/Python/3.9/lib/python/site-packages/nbclient/client.py", line 862, in _check_raise_for_error
    raise CellExecutionError.from_cell_and_msg(cell, exec_reply_content)
nbclient.exceptions.CellExecutionError: An error occurred while executing the following cell:
------------------
import random
from colorama import Fore, Back, Style, init
init(autoreset=True)

TEST_WORD = "apple"
words = open('/usr/share/dict/words', 'r')
newWords = []

for word in words:
    if len(word) == 6:
        newWords.append(word)
words.close()

word = random.choice(newWords).lower().strip()
# word = TEST_WORD
# print("Hint - " + word)


curr_wordle = "-----"
attemps = -1  # amount of attempts so far
print("""\
     __    __               _      _       
    / / /\ \ \  ___   _ __ | |  __| |  ___ 
    \ \/  \/ / / _ \ | '__|| | / _` | / _ \\
     \  /\  / | (_) || |   | || (_| ||  __/
      \/  \/   \___/ |_|   |_| \__,_| \___|
                                     
                                     """)
guess = input(Fore.RESET + "Guess a 5 letter word: ")
while len(guess) != 5:
    guess = input(Fore.RESET + "Word must be 5 characters long: ")


while attemps < 10:
    attemps += 1
    attemp = ""
    guide = ""
    Style.RESET_ALL

    if attemps >= 6:
        Fore.RESET
        print(f"You lost! The word was {Fore.RED + word}")
        break

    for i in range(0, 5):
        if word.__contains__(guess[i]):
            if word[i] == guess[i]:
                attemp += (Fore.GREEN + guess[i])
                guide += (Fore.GREEN + guess[i])
                Style.RESET_ALL
            # print yellow
            else:
                attemp += (Fore.YELLOW + guess[i])
                guide += (Fore.YELLOW + guess[i])
                Style.RESET_ALL
        # add character no style
        else:
            attemp += (Fore.RESET + guess[i])
            guide += (Fore.RESET + "-")
    Fore.RESET

    if guess.lower() == word.lower():
        print("you win!\nThe word was - " + Fore.CYAN + guess.lower())
        break

    print(Fore.RESET + f"Attempts remaining: {attemps}/6")
    guess = input(Fore.RESET + guide + "\n")
    while len(guess) != 5:
        guess = input(Fore.RESET + "Word must be 5 characters long: ")

------------------

[0;31m---------------------------------------------------------------------------[0m
[0;31mStdinNotImplementedError[0m                  Traceback (most recent call last)
Cell [0;32mIn[1], line 29[0m
[1;32m     20[0m attemps [38;5;241m=[39m [38;5;241m-[39m[38;5;241m1[39m  [38;5;66;03m# amount of attempts so far[39;00m
[1;32m     21[0m [38;5;28mprint[39m([38;5;124m"""[39m[38;5;130;01m\[39;00m
[1;32m     22[0m [38;5;124m     __    __               _      _       [39m
[1;32m     23[0m [38;5;124m    / / /[39m[38;5;124m\[39m[38;5;124m [39m[38;5;124m\[39m[38;5;124m [39m[38;5;124m\[39m[38;5;124m  ___   _ __ | |  __| |  ___ [39m
[0;32m   (...)[0m
[1;32m     27[0m [38;5;124m                                     [39m
[1;32m     28[0m [38;5;124m                                     [39m[38;5;124m"""[39m)
[0;32m---> 29[0m guess [38;5;241m=[39m [38;5;28;43minput[39;49m[43m([49m[43mFore[49m[38;5;241;43m.[39;49m[43mRESET[49m[43m [49m[38;5;241;43m+[39;49m[43m [49m[38;5;124;43m"[39;49m[38;5;124;43mGuess a 5 letter word: [39;49m[38;5;124;43m"[39;49m[43m)[49m
[1;32m     30[0m [38;5;28;01mwhile[39;00m [38;5;28mlen[39m(guess) [38;5;241m!=[39m [38;5;241m5[39m:
[1;32m     31[0m     guess [38;5;241m=[39m [38;5;28minput[39m(Fore[38;5;241m.[39mRESET [38;5;241m+[39m [38;5;124m"[39m[38;5;124mWord must be 5 characters long: [39m[38;5;124m"[39m)

File [0;32m~/Library/Python/3.9/lib/python/site-packages/ipykernel/kernelbase.py:1181[0m, in [0;36mKernel.raw_input[0;34m(self, prompt)[0m
[1;32m   1179[0m [38;5;28;01mif[39;00m [38;5;129;01mnot[39;00m [38;5;28mself[39m[38;5;241m.[39m_allow_stdin:
[1;32m   1180[0m     msg [38;5;241m=[39m [38;5;124m"[39m[38;5;124mraw_input was called, but this frontend does not support input requests.[39m[38;5;124m"[39m
[0;32m-> 1181[0m     [38;5;28;01mraise[39;00m StdinNotImplementedError(msg)
[1;32m   1182[0m [38;5;28;01mreturn[39;00m [38;5;28mself[39m[38;5;241m.[39m_input_request(
[1;32m   1183[0m     [38;5;28mstr[39m(prompt),
[1;32m   1184[0m     [38;5;28mself[39m[38;5;241m.[39m_parent_ident[[38;5;124m"[39m[38;5;124mshell[39m[38;5;124m"[39m],
[1;32m   1185[0m     [38;5;28mself[39m[38;5;241m.[39mget_parent([38;5;124m"[39m[38;5;124mshell[39m[38;5;124m"[39m),
[1;32m   1186[0m     password[38;5;241m=[39m[38;5;28;01mFalse[39;00m,
[1;32m   1187[0m )

[0;31mStdinNotImplementedError[0m: raw_input was called, but this frontend does not support input requests.
StdinNotImplementedError: raw_input was called, but this frontend does not support input requests.

